runid                 	all	0
num_q                 	all	55578
num_ret               	all	5557800
num_rel               	all	59273
num_rel_ret           	all	46612
map                   	all	0.2532
gm_map                	all	0.0213
Rprec                 	all	0.1482
bpref                 	all	0.7924
recip_rank            	all	0.2581
iprec_at_recall_0.00  	all	0.2586
iprec_at_recall_0.10  	all	0.2586
iprec_at_recall_0.20  	all	0.2586
iprec_at_recall_0.30  	all	0.2583
iprec_at_recall_0.40  	all	0.2574
iprec_at_recall_0.50  	all	0.2574
iprec_at_recall_0.60  	all	0.2492
iprec_at_recall_0.70  	all	0.2491
iprec_at_recall_0.80  	all	0.2485
iprec_at_recall_0.90  	all	0.2485
iprec_at_recall_1.00  	all	0.2485
P_5                   	all	0.0761
P_10                  	all	0.0497
P_15                  	all	0.0374
P_20                  	all	0.0304
P_30                  	all	0.0224
P_100                 	all	0.0084
P_200                 	all	0.0042
P_500                 	all	0.0017
P_1000                	all	0.0008
recall_5              	all	0.3658
recall_10             	all	0.4746
recall_15             	all	0.5359
recall_20             	all	0.5800
recall_30             	all	0.6394
recall_100            	all	0.7924
recall_200            	all	0.7924
recall_500            	all	0.7924
recall_1000           	all	0.7924
infAP                 	all	0.2532
gm_bpref              	all	0.1003
Rprec_mult_0.20       	all	0.1499
Rprec_mult_0.40       	all	0.1496
Rprec_mult_0.60       	all	0.1483
Rprec_mult_0.80       	all	0.1482
Rprec_mult_1.00       	all	0.1482
Rprec_mult_1.20       	all	0.1174
Rprec_mult_1.40       	all	0.1173
Rprec_mult_1.60       	all	0.1167
Rprec_mult_1.80       	all	0.1166
Rprec_mult_2.00       	all	0.1166
utility               	all	-98.3226
11pt_avg              	all	0.2539
binG                  	all	0.3611
G                     	all	0.3611
ndcg                  	all	0.3643
ndcg_rel              	all	0.3634
Rndcg                 	all	0.2564
ndcg_cut_5            	all	0.2615
ndcg_cut_10           	all	0.2972
ndcg_cut_15           	all	0.3137
ndcg_cut_20           	all	0.3243
ndcg_cut_30           	all	0.3371
ndcg_cut_100          	all	0.3643
ndcg_cut_200          	all	0.3643
ndcg_cut_500          	all	0.3643
ndcg_cut_1000         	all	0.3643
map_cut_5             	all	0.2251
map_cut_10            	all	0.2400
map_cut_15            	all	0.2450
map_cut_20            	all	0.2475
map_cut_30            	all	0.2500
map_cut_100           	all	0.2532
map_cut_200           	all	0.2532
map_cut_500           	all	0.2532
map_cut_1000          	all	0.2532
relative_P_5          	all	0.3658
relative_P_10         	all	0.4746
relative_P_15         	all	0.5359
relative_P_20         	all	0.5800
relative_P_30         	all	0.6394
relative_P_100        	all	0.7924
relative_P_200        	all	0.7924
relative_P_500        	all	0.7924
relative_P_1000       	all	0.7924
success_1             	all	0.1499
success_5             	all	0.3747
success_10            	all	0.4848
set_P                 	all	0.0084
set_relative_P        	all	0.7924
set_recall            	all	0.7924
set_map               	all	0.0083
set_F                 	all	0.0166
num_nonrel_judged_ret 	all	0
