runid                 	all	0
num_q                 	all	55578
num_ret               	all	5557800
num_rel               	all	59273
num_rel_ret           	all	52381
map                   	all	0.3513
gm_map                	all	0.0717
Rprec                 	all	0.2210
bpref                 	all	0.8902
recip_rank            	all	0.3566
iprec_at_recall_0.00  	all	0.3573
iprec_at_recall_0.10  	all	0.3573
iprec_at_recall_0.20  	all	0.3572
iprec_at_recall_0.30  	all	0.3570
iprec_at_recall_0.40  	all	0.3559
iprec_at_recall_0.50  	all	0.3559
iprec_at_recall_0.60  	all	0.3470
iprec_at_recall_0.70  	all	0.3470
iprec_at_recall_0.80  	all	0.3463
iprec_at_recall_0.90  	all	0.3463
iprec_at_recall_1.00  	all	0.3463
P_5                   	all	0.1046
P_10                  	all	0.0648
P_15                  	all	0.0475
P_20                  	all	0.0379
P_30                  	all	0.0271
P_100                 	all	0.0094
P_200                 	all	0.0047
P_500                 	all	0.0019
P_1000                	all	0.0009
recall_5              	all	0.5026
recall_10             	all	0.6200
recall_15             	all	0.6805
recall_20             	all	0.7219
recall_30             	all	0.7723
recall_100            	all	0.8902
recall_200            	all	0.8902
recall_500            	all	0.8902
recall_1000           	all	0.8902
infAP                 	all	0.3513
gm_bpref              	all	0.3030
Rprec_mult_0.20       	all	0.2228
Rprec_mult_0.40       	all	0.2224
Rprec_mult_0.60       	all	0.2212
Rprec_mult_0.80       	all	0.2210
Rprec_mult_1.00       	all	0.2210
Rprec_mult_1.20       	all	0.1709
Rprec_mult_1.40       	all	0.1708
Rprec_mult_1.60       	all	0.1699
Rprec_mult_1.80       	all	0.1698
Rprec_mult_2.00       	all	0.1698
utility               	all	-98.1150
11pt_avg              	all	0.3521
binG                  	all	0.4627
G                     	all	0.4627
ndcg                  	all	0.4664
ndcg_rel              	all	0.4651
Rndcg                 	all	0.3439
ndcg_cut_5            	all	0.3695
ndcg_cut_10           	all	0.4081
ndcg_cut_15           	all	0.4244
ndcg_cut_20           	all	0.4344
ndcg_cut_30           	all	0.4453
ndcg_cut_100          	all	0.4664
ndcg_cut_200          	all	0.4664
ndcg_cut_500          	all	0.4664
ndcg_cut_1000         	all	0.4664
map_cut_5             	all	0.3229
map_cut_10            	all	0.3393
map_cut_15            	all	0.3442
map_cut_20            	all	0.3467
map_cut_30            	all	0.3488
map_cut_100           	all	0.3513
map_cut_200           	all	0.3513
map_cut_500           	all	0.3513
map_cut_1000          	all	0.3513
relative_P_5          	all	0.5026
relative_P_10         	all	0.6200
relative_P_15         	all	0.6805
relative_P_20         	all	0.7219
relative_P_30         	all	0.7723
relative_P_100        	all	0.8902
relative_P_200        	all	0.8902
relative_P_500        	all	0.8902
relative_P_1000       	all	0.8902
success_1             	all	0.2228
success_5             	all	0.5131
success_10            	all	0.6303
set_P                 	all	0.0094
set_relative_P        	all	0.8902
set_recall            	all	0.8902
set_map               	all	0.0093
set_F                 	all	0.0186
num_nonrel_judged_ret 	all	0
