runid                 	all	0
num_q                 	all	55578
num_ret               	all	5557800
num_rel               	all	59273
num_rel_ret           	all	51449
map                   	all	0.3322
gm_map                	all	0.0583
Rprec                 	all	0.2061
bpref                 	all	0.8744
recip_rank            	all	0.3375
iprec_at_recall_0.00  	all	0.3381
iprec_at_recall_0.10  	all	0.3381
iprec_at_recall_0.20  	all	0.3381
iprec_at_recall_0.30  	all	0.3379
iprec_at_recall_0.40  	all	0.3369
iprec_at_recall_0.50  	all	0.3368
iprec_at_recall_0.60  	all	0.3277
iprec_at_recall_0.70  	all	0.3277
iprec_at_recall_0.80  	all	0.3271
iprec_at_recall_0.90  	all	0.3270
iprec_at_recall_1.00  	all	0.3270
P_5                   	all	0.0990
P_10                  	all	0.0619
P_15                  	all	0.0458
P_20                  	all	0.0366
P_30                  	all	0.0263
P_100                 	all	0.0093
P_200                 	all	0.0046
P_500                 	all	0.0019
P_1000                	all	0.0009
recall_5              	all	0.4761
recall_10             	all	0.5928
recall_15             	all	0.6553
recall_20             	all	0.6972
recall_30             	all	0.7502
recall_100            	all	0.8744
recall_200            	all	0.8744
recall_500            	all	0.8744
recall_1000           	all	0.8744
infAP                 	all	0.3322
gm_bpref              	all	0.2538
Rprec_mult_0.20       	all	0.2079
Rprec_mult_0.40       	all	0.2078
Rprec_mult_0.60       	all	0.2064
Rprec_mult_0.80       	all	0.2061
Rprec_mult_1.00       	all	0.2061
Rprec_mult_1.20       	all	0.1605
Rprec_mult_1.40       	all	0.1604
Rprec_mult_1.60       	all	0.1597
Rprec_mult_1.80       	all	0.1596
Rprec_mult_2.00       	all	0.1596
utility               	all	-98.1486
11pt_avg              	all	0.3329
binG                  	all	0.4436
G                     	all	0.4436
ndcg                  	all	0.4472
ndcg_rel              	all	0.4460
Rndcg                 	all	0.3269
ndcg_cut_5            	all	0.3482
ndcg_cut_10           	all	0.3867
ndcg_cut_15           	all	0.4035
ndcg_cut_20           	all	0.4136
ndcg_cut_30           	all	0.4251
ndcg_cut_100          	all	0.4472
ndcg_cut_200          	all	0.4472
ndcg_cut_500          	all	0.4472
ndcg_cut_1000         	all	0.4472
map_cut_5             	all	0.3035
map_cut_10            	all	0.3197
map_cut_15            	all	0.3249
map_cut_20            	all	0.3273
map_cut_30            	all	0.3295
map_cut_100           	all	0.3322
map_cut_200           	all	0.3322
map_cut_500           	all	0.3322
map_cut_1000          	all	0.3322
relative_P_5          	all	0.4761
relative_P_10         	all	0.5928
relative_P_15         	all	0.6553
relative_P_20         	all	0.6972
relative_P_30         	all	0.7502
relative_P_100        	all	0.8744
relative_P_200        	all	0.8744
relative_P_500        	all	0.8744
relative_P_1000       	all	0.8744
success_1             	all	0.2079
success_5             	all	0.4864
success_10            	all	0.6030
set_P                 	all	0.0093
set_relative_P        	all	0.8744
set_recall            	all	0.8744
set_map               	all	0.0092
set_F                 	all	0.0183
num_nonrel_judged_ret 	all	0
