runid                 	all	0
num_q                 	all	55578
num_ret               	all	5557800
num_rel               	all	59273
num_rel_ret           	all	52931
map                   	all	0.3606
gm_map                	all	0.0805
Rprec                 	all	0.2269
bpref                 	all	0.8991
recip_rank            	all	0.3659
iprec_at_recall_0.00  	all	0.3665
iprec_at_recall_0.10  	all	0.3665
iprec_at_recall_0.20  	all	0.3665
iprec_at_recall_0.30  	all	0.3663
iprec_at_recall_0.40  	all	0.3653
iprec_at_recall_0.50  	all	0.3652
iprec_at_recall_0.60  	all	0.3562
iprec_at_recall_0.70  	all	0.3562
iprec_at_recall_0.80  	all	0.3555
iprec_at_recall_0.90  	all	0.3555
iprec_at_recall_1.00  	all	0.3555
P_5                   	all	0.1075
P_10                  	all	0.0666
P_15                  	all	0.0486
P_20                  	all	0.0387
P_30                  	all	0.0276
P_100                 	all	0.0095
P_200                 	all	0.0048
P_500                 	all	0.0019
P_1000                	all	0.0010
recall_5              	all	0.5168
recall_10             	all	0.6368
recall_15             	all	0.6960
recall_20             	all	0.7364
recall_30             	all	0.7869
recall_100            	all	0.8991
recall_200            	all	0.8991
recall_500            	all	0.8991
recall_1000           	all	0.8991
infAP                 	all	0.3606
gm_bpref              	all	0.3344
Rprec_mult_0.20       	all	0.2287
Rprec_mult_0.40       	all	0.2284
Rprec_mult_0.60       	all	0.2271
Rprec_mult_0.80       	all	0.2269
Rprec_mult_1.00       	all	0.2269
Rprec_mult_1.20       	all	0.1761
Rprec_mult_1.40       	all	0.1760
Rprec_mult_1.60       	all	0.1751
Rprec_mult_1.80       	all	0.1750
Rprec_mult_2.00       	all	0.1750
utility               	all	-98.0953
11pt_avg              	all	0.3614
binG                  	all	0.4724
G                     	all	0.4724
ndcg                  	all	0.4762
ndcg_rel              	all	0.4749
Rndcg                 	all	0.3518
ndcg_cut_5            	all	0.3798
ndcg_cut_10           	all	0.4194
ndcg_cut_15           	all	0.4354
ndcg_cut_20           	all	0.4451
ndcg_cut_30           	all	0.4561
ndcg_cut_100          	all	0.4762
ndcg_cut_200          	all	0.4762
ndcg_cut_500          	all	0.4762
ndcg_cut_1000         	all	0.4762
map_cut_5             	all	0.3320
map_cut_10            	all	0.3488
map_cut_15            	all	0.3537
map_cut_20            	all	0.3560
map_cut_30            	all	0.3582
map_cut_100           	all	0.3606
map_cut_200           	all	0.3606
map_cut_500           	all	0.3606
map_cut_1000          	all	0.3606
relative_P_5          	all	0.5168
relative_P_10         	all	0.6368
relative_P_15         	all	0.6960
relative_P_20         	all	0.7364
relative_P_30         	all	0.7869
relative_P_100        	all	0.8991
relative_P_200        	all	0.8991
relative_P_500        	all	0.8991
relative_P_1000       	all	0.8991
success_1             	all	0.2287
success_5             	all	0.5272
success_10            	all	0.6470
set_P                 	all	0.0095
set_relative_P        	all	0.8991
set_recall            	all	0.8991
set_map               	all	0.0095
set_F                 	all	0.0188
num_nonrel_judged_ret 	all	0
