runid                 	all	0
num_q                 	all	55578
num_ret               	all	7113984
num_rel               	all	59273
num_rel_ret           	all	53054
map                   	all	0.3554
gm_map                	all	0.0774
Rprec                 	all	0.2264
bpref                 	all	0.9013
recip_rank            	all	0.3607
iprec_at_recall_0.00  	all	0.3614
iprec_at_recall_0.10  	all	0.3614
iprec_at_recall_0.20  	all	0.3613
iprec_at_recall_0.30  	all	0.3611
iprec_at_recall_0.40  	all	0.3600
iprec_at_recall_0.50  	all	0.3600
iprec_at_recall_0.60  	all	0.3509
iprec_at_recall_0.70  	all	0.3509
iprec_at_recall_0.80  	all	0.3503
iprec_at_recall_0.90  	all	0.3503
iprec_at_recall_1.00  	all	0.3503
P_5                   	all	0.1053
P_10                  	all	0.0649
P_15                  	all	0.0476
P_20                  	all	0.0378
P_30                  	all	0.0270
P_100                 	all	0.0094
P_200                 	all	0.0048
P_500                 	all	0.0019
P_1000                	all	0.0010
recall_5              	all	0.5065
recall_10             	all	0.6211
recall_15             	all	0.6809
recall_20             	all	0.7206
recall_30             	all	0.7705
recall_100            	all	0.8837
recall_200            	all	0.9013
recall_500            	all	0.9013
recall_1000           	all	0.9013
infAP                 	all	0.3554
gm_bpref              	all	0.3431
Rprec_mult_0.20       	all	0.2278
Rprec_mult_0.40       	all	0.2275
Rprec_mult_0.60       	all	0.2266
Rprec_mult_0.80       	all	0.2264
Rprec_mult_1.00       	all	0.2264
Rprec_mult_1.20       	all	0.1727
Rprec_mult_1.40       	all	0.1726
Rprec_mult_1.60       	all	0.1716
Rprec_mult_1.80       	all	0.1715
Rprec_mult_2.00       	all	0.1715
utility               	all	-126.0908
11pt_avg              	all	0.3562
binG                  	all	0.4672
G                     	all	0.4672
ndcg                  	all	0.4710
ndcg_rel              	all	0.4696
Rndcg                 	all	0.3489
ndcg_cut_5            	all	0.3739
ndcg_cut_10           	all	0.4116
ndcg_cut_15           	all	0.4277
ndcg_cut_20           	all	0.4373
ndcg_cut_30           	all	0.4481
ndcg_cut_100          	all	0.4684
ndcg_cut_200          	all	0.4710
ndcg_cut_500          	all	0.4710
ndcg_cut_1000         	all	0.4710
map_cut_5             	all	0.3276
map_cut_10            	all	0.3435
map_cut_15            	all	0.3484
map_cut_20            	all	0.3507
map_cut_30            	all	0.3528
map_cut_100           	all	0.3552
map_cut_200           	all	0.3554
map_cut_500           	all	0.3554
map_cut_1000          	all	0.3554
relative_P_5          	all	0.5065
relative_P_10         	all	0.6211
relative_P_15         	all	0.6809
relative_P_20         	all	0.7206
relative_P_30         	all	0.7705
relative_P_100        	all	0.8837
relative_P_200        	all	0.9013
relative_P_500        	all	0.9013
relative_P_1000       	all	0.9013
success_1             	all	0.2278
success_5             	all	0.5169
success_10            	all	0.6319
set_P                 	all	0.0075
set_relative_P        	all	0.9013
set_recall            	all	0.9013
set_map               	all	0.0074
set_F                 	all	0.0148
num_nonrel_judged_ret 	all	0
